<?xml version="1.0" encoding="UTF-8"?>
<testng-results skipped="0" failed="0" ignored="0" total="1" passed="1">
  <reporter-output>
  </reporter-output>
  <suite name="Default suite" duration-ms="29749" started-at="2019-08-19T01:12:55Z" finished-at="2019-08-19T01:13:25Z">
    <groups>
    </groups>
    <test name="Default test" duration-ms="29749" started-at="2019-08-19T01:12:55Z" finished-at="2019-08-19T01:13:25Z">
      <class name="ChromeBrowserScroll">
        <test-method status="PASS" signature="deneme()[pri:0, instance:ChromeBrowserScroll@5c3bd550]" name="deneme" duration-ms="29725" started-at="2019-08-19T01:12:55Z" finished-at="2019-08-19T01:13:25Z">
          <reporter-output>
          </reporter-output>
        </test-method> <!-- deneme -->
      </class> <!-- ChromeBrowserScroll -->
    </test> <!-- Default test -->
  </suite> <!-- Default suite -->
</testng-results>
